# JRE version: OpenJDK Runtime Environment (8.0_242-b08) (build 1.8.0_242-b08)
# Java VM: OpenJDK 64-Bit Server VM (25.242-b08 mixed mode windows-amd64 compressed oops)
Heap:
 PSYoungGen      total 418816K, used 235771K [0x00000000d6000000, 0x0000000100000000, 0x0000000100000000)
  eden space 244736K, 25% used [0x00000000d6000000,0x00000000d9c95e40,0x00000000e4f00000)
  from space 174080K, 99% used [0x00000000e4f00000,0x00000000ef8a9188,0x00000000ef900000)
  to   space 229376K, 0% used [0x00000000f2000000,0x00000000f2000000,0x0000000100000000)
 ParOldGen       total 675328K, used 471146K [0x0000000082000000, 0x00000000ab380000, 0x00000000d6000000)
  object space 675328K, 69% used [0x0000000082000000,0x000000009ec1a868,0x00000000ab380000)
 Metaspace       used 83783K, capacity 93336K, committed 93440K, reserved 1128448K
  class space    used 11690K, capacity 14062K, committed 14080K, reserved 1048576K
GC Heap History (10 events):
Event: 87.730 GC heap before
{Heap before GC invocations=88 (full 7):
 PSYoungGen      total 458752K, used 405556K [0x00000000d6000000, 0x0000000100000000, 0x0000000100000000)
  eden space 264192K, 100% used [0x00000000d6000000,0x00000000e6200000,0x00000000e6200000)
  from space 194560K, 72% used [0x00000000f4200000,0x00000000fcc0d0c0,0x0000000100000000)
  to   space 211968K, 0% used [0x00000000e6200000,0x00000000e6200000,0x00000000f3100000)
 ParOldGen       total 675328K, used 461001K [0x0000000082000000, 0x00000000ab380000, 0x00000000d6000000)
  object space 675328K, 68% used [0x0000000082000000,0x000000009e2324b8,0x00000000ab380000)
 Metaspace       used 73703K, capacity 81538K, committed 81792K, reserved 1118208K
  class space    used 10278K, capacity 12327K, committed 12416K, reserved 1048576K
Event: 87.930 GC heap after
Heap after GC invocations=88 (full 7):
 PSYoungGen      total 476160K, used 90657K [0x00000000d6000000, 0x0000000100000000, 0x0000000100000000)
  eden space 264192K, 0% used [0x00000000d6000000,0x00000000d6000000,0x00000000e6200000)
  from space 211968K, 42% used [0x00000000e6200000,0x00000000eba88438,0x00000000f3100000)
  to   space 206336K, 0% used [0x00000000f3680000,0x00000000f3680000,0x0000000100000000)
 ParOldGen       total 675328K, used 461009K [0x0000000082000000, 0x00000000ab380000, 0x00000000d6000000)
  object space 675328K, 68% used [0x0000000082000000,0x000000009e2344b8,0x00000000ab380000)
 Metaspace       used 73703K, capacity 81538K, committed 81792K, reserved 1118208K
  class space    used 10278K, capacity 12327K, committed 12416K, reserved 1048576K
}
Event: 89.220 GC heap before
{Heap before GC invocations=89 (full 7):
 PSYoungGen      total 476160K, used 354849K [0x00000000d6000000, 0x0000000100000000, 0x0000000100000000)
  eden space 264192K, 100% used [0x00000000d6000000,0x00000000e6200000,0x00000000e6200000)
  from space 211968K, 42% used [0x00000000e6200000,0x00000000eba88438,0x00000000f3100000)
  to   space 206336K, 0% used [0x00000000f3680000,0x00000000f3680000,0x0000000100000000)
 ParOldGen       total 675328K, used 461612K [0x0000000082000000, 0x00000000ab380000, 0x00000000d6000000)
  object space 675328K, 68% used [0x0000000082000000,0x000000009e2cb100,0x00000000ab380000)
 Metaspace       used 75368K, capacity 83402K, committed 83584K, reserved 1120256K
  class space    used 10521K, capacity 12595K, committed 12672K, reserved 1048576K
Event: 89.548 GC heap after
Heap after GC invocations=89 (full 7):
 PSYoungGen      total 448000K, used 151953K [0x00000000d6000000, 0x0000000100000000, 0x0000000100000000)
  eden space 241664K, 0% used [0x00000000d6000000,0x00000000d6000000,0x00000000e4c00000)
  from space 206336K, 73% used [0x00000000f3680000,0x00000000fcae4740,0x0000000100000000)
  to   space 223232K, 0% used [0x00000000e4c00000,0x00000000e4c00000,0x00000000f2600000)
 ParOldGen       total 675328K, used 461620K [0x0000000082000000, 0x00000000ab380000, 0x00000000d6000000)
  object space 675328K, 68% used [0x0000000082000000,0x000000009e2cd100,0x00000000ab380000)
 Metaspace       used 75368K, capacity 83402K, committed 83584K, reserved 1120256K
  class space    used 10521K, capacity 12595K, committed 12672K, reserved 1048576K
}
Event: 92.411 GC heap before
{Heap before GC invocations=90 (full 7):
 PSYoungGen      total 448000K, used 393617K [0x00000000d6000000, 0x0000000100000000, 0x0000000100000000)
  eden space 241664K, 100% used [0x00000000d6000000,0x00000000e4c00000,0x00000000e4c00000)
  from space 206336K, 73% used [0x00000000f3680000,0x00000000fcae4740,0x0000000100000000)
  to   space 223232K, 0% used [0x00000000e4c00000,0x00000000e4c00000,0x00000000f2600000)
 ParOldGen       total 675328K, used 461621K [0x0000000082000000, 0x00000000ab380000, 0x00000000d6000000)
  object space 675328K, 68% used [0x0000000082000000,0x000000009e2cd440,0x00000000ab380000)
 Metaspace       used 77242K, capacity 86096K, committed 86144K, reserved 1122304K
  class space    used 10753K, capacity 12928K, committed 12928K, reserved 1048576K
Event: 92.536 GC heap after
Heap after GC invocations=90 (full 7):
 PSYoungGen      total 464896K, used 102636K [0x00000000d6000000, 0x0000000100000000, 0x0000000100000000)
  eden space 241664K, 0% used [0x00000000d6000000,0x00000000d6000000,0x00000000e4c00000)
  from space 223232K, 45% used [0x00000000e4c00000,0x00000000eb03b2e8,0x00000000f2600000)
  to   space 218112K, 0% used [0x00000000f2b00000,0x00000000f2b00000,0x0000000100000000)
 ParOldGen       total 675328K, used 461629K [0x0000000082000000, 0x00000000ab380000, 0x00000000d6000000)
  object space 675328K, 68% used [0x0000000082000000,0x000000009e2cf440,0x00000000ab380000)
 Metaspace       used 77242K, capacity 86096K, committed 86144K, reserved 1122304K
  class space    used 10753K, capacity 12928K, committed 12928K, reserved 1048576K
}
Event: 96.724 GC heap before
{Heap before GC invocations=91 (full 7):
 PSYoungGen      total 464896K, used 344300K [0x00000000d6000000, 0x0000000100000000, 0x0000000100000000)
  eden space 241664K, 100% used [0x00000000d6000000,0x00000000e4c00000,0x00000000e4c00000)
  from space 223232K, 45% used [0x00000000e4c00000,0x00000000eb03b2e8,0x00000000f2600000)
  to   space 218112K, 0% used [0x00000000f2b00000,0x00000000f2b00000,0x0000000100000000)
 ParOldGen       total 675328K, used 461629K [0x0000000082000000, 0x00000000ab380000, 0x00000000d6000000)
  object space 675328K, 68% used [0x0000000082000000,0x000000009e2cf440,0x00000000ab380000)
 Metaspace       used 81610K, capacity 90880K, committed 91136K, reserved 1126400K
  class space    used 11305K, capacity 13538K, committed 13568K, reserved 1048576K
Event: 96.897 GC heap after
Heap after GC invocations=91 (full 7):
 PSYoungGen      total 462848K, used 127592K [0x00000000d6000000, 0x0000000100000000, 0x0000000100000000)
  eden space 244736K, 0% used [0x00000000d6000000,0x00000000d6000000,0x00000000e4f00000)
  from space 218112K, 58% used [0x00000000f2b00000,0x00000000fa79a3b0,0x0000000100000000)
  to   space 221696K, 0% used [0x00000000e4f00000,0x00000000e4f00000,0x00000000f2780000)
 ParOldGen       total 675328K, used 464277K [0x0000000082000000, 0x00000000ab380000, 0x00000000d6000000)
  object space 675328K, 68% used [0x0000000082000000,0x000000009e565760,0x00000000ab380000)
 Metaspace       used 81610K, capacity 90880K, committed 91136K, reserved 1126400K
  class space    used 11305K, capacity 13538K, committed 13568K, reserved 1048576K
}
Event: 97.931 GC heap before
{Heap before GC invocations=92 (full 7):
 PSYoungGen      total 462848K, used 372328K [0x00000000d6000000, 0x0000000100000000, 0x0000000100000000)
  eden space 244736K, 100% used [0x00000000d6000000,0x00000000e4f00000,0x00000000e4f00000)
  from space 218112K, 58% used [0x00000000f2b00000,0x00000000fa79a3b0,0x0000000100000000)
  to   space 221696K, 0% used [0x00000000e4f00000,0x00000000e4f00000,0x00000000f2780000)
 ParOldGen       total 675328K, used 464277K [0x0000000082000000, 0x00000000ab380000, 0x00000000d6000000)
  object space 675328K, 68% used [0x0000000082000000,0x000000009e565760,0x00000000ab380000)
 Metaspace       used 83286K, capacity 92598K, committed 92800K, reserved 1128448K
  class space    used 11587K, capacity 13901K, committed 13952K, reserved 1048576K
Event: 98.141 GC heap after
Heap after GC invocations=92 (full 7):
 PSYoungGen      total 418816K, used 173732K [0x00000000d6000000, 0x0000000100000000, 0x0000000100000000)
  eden space 244736K, 0% used [0x00000000d6000000,0x00000000d6000000,0x00000000e4f00000)
  from space 174080K, 99% used [0x00000000e4f00000,0x00000000ef8a9188,0x00000000ef900000)
  to   space 229376K, 0% used [0x00000000f2000000,0x00000000f2000000,0x0000000100000000)
 ParOldGen       total 675328K, used 471146K [0x0000000082000000, 0x00000000ab380000, 0x00000000d6000000)
  object space 675328K, 69% used [0x0000000082000000,0x000000009ec1a868,0x00000000ab380000)
 Metaspace       used 83286K, capacity 92598K, committed 92800K, reserved 1128448K
  class space    used 11587K, capacity 13901K, committed 13952K, reserved 1048576K
}

